Using pre-set license
Built from '2021.3/staging' branch; Version is '2021.3.2f1 (d6360bedb9a0) revision 14038539'; Using compiler version '192829333'; Build Type 'Release'
OS: 'Windows 10  (10.0.18363) 64bit Core' Language: 'ja' Physical Memory: 7987 MB
BatchMode: 1, IsHumanControllingUs: 0, StartBugReporterOnCrash: 0, Is64bit: 1, IsPro: 1

COMMAND LINE ARGUMENTS:
C:\Program Files\Unity\Hub\Editor\2021.3.2f1\Editor\Unity.exe
-adb2
-batchMode
-noUpm
-name
AssetImportWorker0
-projectPath
C:/Users/81806/Documents/GitHub/BIMIT/My project
-logFile
Logs/AssetImportWorker0.log
-srvPort
50915
Successfully changed project path to: C:/Users/81806/Documents/GitHub/BIMIT/My project
C:/Users/81806/Documents/GitHub/BIMIT/My project
[UnityMemory] Configuration Parameters - Can be set up in boot.config
    "memorysetup-bucket-allocator-granularity=16"
    "memorysetup-bucket-allocator-bucket-count=8"
    "memorysetup-bucket-allocator-block-size=33554432"
    "memorysetup-bucket-allocator-block-count=8"
    "memorysetup-main-allocator-block-size=16777216"
    "memorysetup-thread-allocator-block-size=16777216"
    "memorysetup-gfx-main-allocator-block-size=16777216"
    "memorysetup-gfx-thread-allocator-block-size=16777216"
    "memorysetup-cache-allocator-block-size=4194304"
    "memorysetup-typetree-allocator-block-size=2097152"
    "memorysetup-profiler-bucket-allocator-granularity=16"
    "memorysetup-profiler-bucket-allocator-bucket-count=8"
    "memorysetup-profiler-bucket-allocator-block-size=33554432"
    "memorysetup-profiler-bucket-allocator-block-count=8"
    "memorysetup-profiler-allocator-block-size=16777216"
    "memorysetup-profiler-editor-allocator-block-size=1048576"
    "memorysetup-temp-allocator-size-main=16777216"
    "memorysetup-job-temp-allocator-block-size=2097152"
    "memorysetup-job-temp-allocator-block-size-background=1048576"
    "memorysetup-job-temp-allocator-reduction-small-platforms=262144"
    "memorysetup-temp-allocator-size-background-worker=32768"
    "memorysetup-temp-allocator-size-job-worker=262144"
    "memorysetup-temp-allocator-size-preload-manager=33554432"
    "memorysetup-temp-allocator-size-nav-mesh-worker=65536"
    "memorysetup-temp-allocator-size-audio-worker=65536"
    "memorysetup-temp-allocator-size-cloud-worker=32768"
    "memorysetup-temp-allocator-size-gi-baking-worker=262144"
    "memorysetup-temp-allocator-size-gfx=262144"
Refreshing native plugins compatible for Editor in 130.74 ms, found 3 plugins.
Preloading 0 native plugins for Editor in 0.00 ms.
Initialize engine version: 2021.3.2f1 (d6360bedb9a0)
[Subsystems] Discovering subsystems at path C:/Program Files/Unity/Hub/Editor/2021.3.2f1/Editor/Data/Resources/UnitySubsystems
[Subsystems] Discovering subsystems at path C:/Users/81806/Documents/GitHub/BIMIT/My project/Assets
GfxDevice: creating device client; threaded=0; jobified=0
Direct3D:
    Version:  Direct3D 11.0 [level 11.1]
    Renderer: Intel(R) UHD Graphics (ID=0x8a56)
    Vendor:   Intel
    VRAM:     3993 MB
    Driver:   26.20.100.8141
Initialize mono
Mono path[0] = 'C:/Program Files/Unity/Hub/Editor/2021.3.2f1/Editor/Data/Managed'
Mono path[1] = 'C:/Program Files/Unity/Hub/Editor/2021.3.2f1/Editor/Data/MonoBleedingEdge/lib/mono/unityjit-win32'
Mono config path = 'C:/Program Files/Unity/Hub/Editor/2021.3.2f1/Editor/Data/MonoBleedingEdge/etc'
Using monoOptions --debugger-agent=transport=dt_socket,embedding=1,server=y,suspend=n,address=127.0.0.1:56784
Begin MonoManager ReloadAssembly
Registering precompiled unity dll's ...
Register platform support module: C:/Program Files/Unity/Hub/Editor/2021.3.2f1/Editor/Data/PlaybackEngines/WebGLSupport/UnityEditor.WebGL.Extensions.dll
Register platform support module: C:/Program Files/Unity/Hub/Editor/2021.3.2f1/Editor/Data/PlaybackEngines/WindowsStandaloneSupport/UnityEditor.WindowsStandalone.Extensions.dll
Registered in 0.010359 seconds.
Native extension for WindowsStandalone target not found
Native extension for WebGL target not found
Refreshing native plugins compatible for Editor in 118.16 ms, found 3 plugins.
Preloading 0 native plugins for Editor in 0.00 ms.
Mono: successfully reloaded assembly
- Completed reload, in  0.830 seconds
Domain Reload Profiling:
	ReloadAssembly (832ms)
		BeginReloadAssembly (126ms)
			ExecutionOrderSort (0ms)
			DisableScriptedObjects (0ms)
			BackupInstance (0ms)
			ReleaseScriptingObjects (0ms)
			CreateAndSetChildDomain (1ms)
		EndReloadAssembly (575ms)
			LoadAssemblies (124ms)
			RebuildTransferFunctionScriptingTraits (0ms)
			SetupTypeCache (119ms)
			ReleaseScriptCaches (0ms)
			RebuildScriptCaches (48ms)
			SetupLoadedEditorAssemblies (346ms)
				LogAssemblyErrors (0ms)
				InitializePlatformSupportModulesInManaged (16ms)
				SetLoadedEditorAssemblies (0ms)
				RefreshPlugins (118ms)
				BeforeProcessingInitializeOnLoad (1ms)
				ProcessInitializeOnLoadAttributes (147ms)
				ProcessInitializeOnLoadMethodAttributes (63ms)
				AfterProcessingInitializeOnLoad (0ms)
				EditorAssembliesLoaded (0ms)
			ExecutionOrderSort2 (0ms)
			AwakeInstancesAfterBackupRestoration (0ms)
Platform modules already initialized, skipping
Registering precompiled user dll's ...
Registered in 0.007226 seconds.
Begin MonoManager ReloadAssembly
Symbol file LoadedFromMemory doesn't match image C:\Users\81806\Documents\GitHub\BIMIT\My project\Library\PackageCache\com.unity.visualscripting@1.7.6\Editor\VisualScripting.Core\Dependencies\YamlDotNet\Unity.VisualScripting.YamlDotNet.dll
Symbol file LoadedFromMemory doesn't match image C:\Users\81806\Documents\GitHub\BIMIT\My project\Library\PackageCache\com.unity.visualscripting@1.7.6\Editor\VisualScripting.Core\Dependencies\DotNetZip\Unity.VisualScripting.IonicZip.dll
Native extension for WindowsStandalone target not found
Native extension for WebGL target not found
Refreshing native plugins compatible for Editor in 0.80 ms, found 3 plugins.
Preloading 0 native plugins for Editor in 0.00 ms.
Mono: successfully reloaded assembly
- Completed reload, in  1.844 seconds
Domain Reload Profiling:
	ReloadAssembly (1845ms)
		BeginReloadAssembly (173ms)
			ExecutionOrderSort (0ms)
			DisableScriptedObjects (7ms)
			BackupInstance (0ms)
			ReleaseScriptingObjects (0ms)
			CreateAndSetChildDomain (31ms)
		EndReloadAssembly (1511ms)
			LoadAssemblies (155ms)
			RebuildTransferFunctionScriptingTraits (0ms)
			SetupTypeCache (360ms)
			ReleaseScriptCaches (1ms)
			RebuildScriptCaches (90ms)
			SetupLoadedEditorAssemblies (855ms)
				LogAssemblyErrors (0ms)
				InitializePlatformSupportModulesInManaged (14ms)
				SetLoadedEditorAssemblies (1ms)
				RefreshPlugins (1ms)
				BeforeProcessingInitializeOnLoad (189ms)
				ProcessInitializeOnLoadAttributes (591ms)
				ProcessInitializeOnLoadMethodAttributes (47ms)
				AfterProcessingInitializeOnLoad (11ms)
				EditorAssembliesLoaded (0ms)
			ExecutionOrderSort2 (0ms)
			AwakeInstancesAfterBackupRestoration (9ms)
Platform modules already initialized, skipping
========================================================================
Worker process is ready to serve import requests
Launched and connected shader compiler UnityShaderCompiler.exe after 0.22 seconds
Refreshing native plugins compatible for Editor in 0.77 ms, found 3 plugins.
Preloading 0 native plugins for Editor in 0.00 ms.
Unloading 3375 Unused Serialized files (Serialized files now loaded: 0)
Unloading 26 unused Assets / (112.5 KB). Loaded Objects now: 3834.
Memory consumption went from 118.0 MB to 117.9 MB.
Total: 5.683400 ms (FindLiveObjects: 0.422600 ms CreateObjectMapping: 0.378800 ms MarkObjects: 4.621500 ms  DeleteObjects: 0.258700 ms)

AssetImportParameters requested are different than current active one (requested -> active):
  custom:video-decoder-ogg-theora: a1e56fd34408186e4bbccfd4996cb3dc -> 
  custom:container-muxer-webm: aa71ff27fc2769a1b78a27578f13a17b -> 
  custom:container-demuxer-webm: 4f35f7cbe854078d1ac9338744f61a02 -> 
  custom:video-encoder-webm-vp8: eb34c28f22e8b96e1ab97ce403110664 -> 
  custom:video-codec-MediaFoundation-h265: 746d11721c4dcdbdad8f713fa42b33f4 -> 
  custom:audio-encoder-webm-vorbis: bf7c407c2cedff20999df2af8eb42d56 -> 
  custom:framework-win-MediaFoundation: 216162199b28c13a410421893ffa2e32 -> 
  custom:container-demuxer-ogg: 62fdf1f143b41e24485cea50d1cbac27 -> 
  custom:video-decoder-webm-vp8: 9c59270c3fd7afecdb556c50c9e8de78 -> 
  custom:audio-decoder-ogg-vorbis: bf7c407c2cedff20999df2af8eb42d56 -> 
========================================================================
Received Import Request.
  Time since last request: 1539294.202969 seconds.
  path: Assets/Button_GameStartScript.cs
  artifactKey: Guid(71ddfd7cab1da31428ae55dbe4911e67) Importer(815301076,1909f56bfc062723c751e8b465ee728b)
Start importing Assets/Button_GameStartScript.cs using Guid(71ddfd7cab1da31428ae55dbe4911e67) Importer(815301076,1909f56bfc062723c751e8b465ee728b)  -> (artifact id: 'adfc33a5cc8842026988558ec4ad33c3') in 0.047193 seconds 
========================================================================
Received Prepare
Registering precompiled user dll's ...
Registered in 0.028674 seconds.
Begin MonoManager ReloadAssembly
Symbol file LoadedFromMemory doesn't match image C:\Users\81806\Documents\GitHub\BIMIT\My project\Library\PackageCache\com.unity.visualscripting@1.7.6\Editor\VisualScripting.Core\Dependencies\YamlDotNet\Unity.VisualScripting.YamlDotNet.dll
Symbol file LoadedFromMemory doesn't match image C:\Users\81806\Documents\GitHub\BIMIT\My project\Library\PackageCache\com.unity.visualscripting@1.7.6\Editor\VisualScripting.Core\Dependencies\DotNetZip\Unity.VisualScripting.IonicZip.dll
Native extension for WindowsStandalone target not found
Native extension for WebGL target not found
Refreshing native plugins compatible for Editor in 0.55 ms, found 3 plugins.
Preloading 0 native plugins for Editor in 0.00 ms.
Mono: successfully reloaded assembly
- Completed reload, in  1.465 seconds
Domain Reload Profiling:
	ReloadAssembly (1466ms)
		BeginReloadAssembly (197ms)
			ExecutionOrderSort (0ms)
			DisableScriptedObjects (6ms)
			BackupInstance (0ms)
			ReleaseScriptingObjects (0ms)
			CreateAndSetChildDomain (41ms)
		EndReloadAssembly (1132ms)
			LoadAssemblies (192ms)
			RebuildTransferFunctionScriptingTraits (0ms)
			SetupTypeCache (396ms)
			ReleaseScriptCaches (1ms)
			RebuildScriptCaches (66ms)
			SetupLoadedEditorAssemblies (436ms)
				LogAssemblyErrors (0ms)
				InitializePlatformSupportModulesInManaged (17ms)
				SetLoadedEditorAssemblies (1ms)
				RefreshPlugins (1ms)
				BeforeProcessingInitializeOnLoad (77ms)
				ProcessInitializeOnLoadAttributes (299ms)
				ProcessInitializeOnLoadMethodAttributes (32ms)
				AfterProcessingInitializeOnLoad (9ms)
				EditorAssembliesLoaded (0ms)
			ExecutionOrderSort2 (0ms)
			AwakeInstancesAfterBackupRestoration (8ms)
Platform modules already initialized, skipping
Refreshing native plugins compatible for Editor in 9.49 ms, found 3 plugins.
Preloading 0 native plugins for Editor in 0.00 ms.
Unloading 3357 Unused Serialized files (Serialized files now loaded: 0)
Unloading 19 unused Assets / (79.5 KB). Loaded Objects now: 3837.
Memory consumption went from 116.7 MB to 116.6 MB.
Total: 4.460100 ms (FindLiveObjects: 0.345900 ms CreateObjectMapping: 0.196500 ms MarkObjects: 3.768000 ms  DeleteObjects: 0.147800 ms)

AssetImportParameters requested are different than current active one (requested -> active):
  custom:video-decoder-ogg-theora: a1e56fd34408186e4bbccfd4996cb3dc -> 
  custom:container-muxer-webm: aa71ff27fc2769a1b78a27578f13a17b -> 
  custom:container-demuxer-webm: 4f35f7cbe854078d1ac9338744f61a02 -> 
  custom:video-encoder-webm-vp8: eb34c28f22e8b96e1ab97ce403110664 -> 
  custom:video-codec-MediaFoundation-h265: 746d11721c4dcdbdad8f713fa42b33f4 -> 
  custom:audio-encoder-webm-vorbis: bf7c407c2cedff20999df2af8eb42d56 -> 
  custom:framework-win-MediaFoundation: 216162199b28c13a410421893ffa2e32 -> 
  custom:container-demuxer-ogg: 62fdf1f143b41e24485cea50d1cbac27 -> 
  custom:video-decoder-webm-vp8: 9c59270c3fd7afecdb556c50c9e8de78 -> 
  custom:audio-decoder-ogg-vorbis: bf7c407c2cedff20999df2af8eb42d56 -> 
========================================================================
Received Prepare
Registering precompiled user dll's ...
Registered in 0.005888 seconds.
Begin MonoManager ReloadAssembly
Symbol file LoadedFromMemory doesn't match image C:\Users\81806\Documents\GitHub\BIMIT\My project\Library\PackageCache\com.unity.visualscripting@1.7.6\Editor\VisualScripting.Core\Dependencies\YamlDotNet\Unity.VisualScripting.YamlDotNet.dll
Symbol file LoadedFromMemory doesn't match image C:\Users\81806\Documents\GitHub\BIMIT\My project\Library\PackageCache\com.unity.visualscripting@1.7.6\Editor\VisualScripting.Core\Dependencies\DotNetZip\Unity.VisualScripting.IonicZip.dll
Native extension for WindowsStandalone target not found
Native extension for WebGL target not found
Refreshing native plugins compatible for Editor in 0.47 ms, found 3 plugins.
Preloading 0 native plugins for Editor in 0.00 ms.
Mono: successfully reloaded assembly
- Completed reload, in  1.011 seconds
Domain Reload Profiling:
	ReloadAssembly (1012ms)
		BeginReloadAssembly (151ms)
			ExecutionOrderSort (0ms)
			DisableScriptedObjects (9ms)
			BackupInstance (0ms)
			ReleaseScriptingObjects (0ms)
			CreateAndSetChildDomain (37ms)
		EndReloadAssembly (757ms)
			LoadAssemblies (94ms)
			RebuildTransferFunctionScriptingTraits (0ms)
			SetupTypeCache (267ms)
			ReleaseScriptCaches (1ms)
			RebuildScriptCaches (41ms)
			SetupLoadedEditorAssemblies (322ms)
				LogAssemblyErrors (0ms)
				InitializePlatformSupportModulesInManaged (15ms)
				SetLoadedEditorAssemblies (1ms)
				RefreshPlugins (1ms)
				BeforeProcessingInitializeOnLoad (71ms)
				ProcessInitializeOnLoadAttributes (200ms)
				ProcessInitializeOnLoadMethodAttributes (26ms)
				AfterProcessingInitializeOnLoad (9ms)
				EditorAssembliesLoaded (0ms)
			ExecutionOrderSort2 (0ms)
			AwakeInstancesAfterBackupRestoration (6ms)
Platform modules already initialized, skipping
Refreshing native plugins compatible for Editor in 2.01 ms, found 3 plugins.
Preloading 0 native plugins for Editor in 0.00 ms.
Unloading 3357 Unused Serialized files (Serialized files now loaded: 0)
Unloading 19 unused Assets / (79.6 KB). Loaded Objects now: 3840.
Memory consumption went from 116.7 MB to 116.6 MB.
Total: 3.076200 ms (FindLiveObjects: 0.251900 ms CreateObjectMapping: 0.170500 ms MarkObjects: 2.539500 ms  DeleteObjects: 0.113000 ms)

AssetImportParameters requested are different than current active one (requested -> active):
  custom:video-decoder-ogg-theora: a1e56fd34408186e4bbccfd4996cb3dc -> 
  custom:container-muxer-webm: aa71ff27fc2769a1b78a27578f13a17b -> 
  custom:container-demuxer-webm: 4f35f7cbe854078d1ac9338744f61a02 -> 
  custom:video-encoder-webm-vp8: eb34c28f22e8b96e1ab97ce403110664 -> 
  custom:video-codec-MediaFoundation-h265: 746d11721c4dcdbdad8f713fa42b33f4 -> 
  custom:audio-encoder-webm-vorbis: bf7c407c2cedff20999df2af8eb42d56 -> 
  custom:framework-win-MediaFoundation: 216162199b28c13a410421893ffa2e32 -> 
  custom:container-demuxer-ogg: 62fdf1f143b41e24485cea50d1cbac27 -> 
  custom:video-decoder-webm-vp8: 9c59270c3fd7afecdb556c50c9e8de78 -> 
  custom:audio-decoder-ogg-vorbis: bf7c407c2cedff20999df2af8eb42d56 -> 
========================================================================
Received Import Request.
  Time since last request: 760.180605 seconds.
  path: Assets/Scenes/Title.unity
  artifactKey: Guid(8f0c0fa92d6993c4899d3cebf6e8c165) Importer(815301076,1909f56bfc062723c751e8b465ee728b)
Start importing Assets/Scenes/Title.unity using Guid(8f0c0fa92d6993c4899d3cebf6e8c165) Importer(815301076,1909f56bfc062723c751e8b465ee728b)  -> (artifact id: '62974edd5c5fe7ca1ba920f6b5ba164d') in 0.020139 seconds 
========================================================================
Received Import Request.
  Time since last request: 8.629041 seconds.
  path: Assets/Button_GameStartScript.cs
  artifactKey: Guid(71ddfd7cab1da31428ae55dbe4911e67) Importer(815301076,1909f56bfc062723c751e8b465ee728b)
Start importing Assets/Button_GameStartScript.cs using Guid(71ddfd7cab1da31428ae55dbe4911e67) Importer(815301076,1909f56bfc062723c751e8b465ee728b)  -> (artifact id: 'e368244375e0d2bb5f61ae2096685425') in 0.003368 seconds 
========================================================================
Received Import Request.
  Time since last request: 139.632432 seconds.
  path: Assets/TextMesh Pro/Resources/Style Sheets/Default Style Sheet.asset
  artifactKey: Guid(f952c082cb03451daed3ee968ac6c63e) Importer(815301076,1909f56bfc062723c751e8b465ee728b)
Start importing Assets/TextMesh Pro/Resources/Style Sheets/Default Style Sheet.asset using Guid(f952c082cb03451daed3ee968ac6c63e) Importer(815301076,1909f56bfc062723c751e8b465ee728b)  -> (artifact id: 'c72200549b97ff12ff44a36c3fabf96c') in 0.033434 seconds 
========================================================================
Received Import Request.
  Time since last request: 0.000034 seconds.
  path: Assets/MPLUS_FONTS-master/fonts/otf/MplusCodeLatin60-Thin.otf
  artifactKey: Guid(04b479998f936a547af080f4a7bb4523) Importer(815301076,1909f56bfc062723c751e8b465ee728b)
Start importing Assets/MPLUS_FONTS-master/fonts/otf/MplusCodeLatin60-Thin.otf using Guid(04b479998f936a547af080f4a7bb4523) Importer(815301076,1909f56bfc062723c751e8b465ee728b)  -> (artifact id: 'df7d82a48335e785396bf8658e080c15') in 0.201469 seconds 
========================================================================
Received Import Request.
  Time since last request: 0.000077 seconds.
  path: Assets/TextMesh Pro/Resources/Sprite Assets/EmojiOne.asset
  artifactKey: Guid(c41005c129ba4d66911b75229fd70b45) Importer(815301076,1909f56bfc062723c751e8b465ee728b)
Start importing Assets/TextMesh Pro/Resources/Sprite Assets/EmojiOne.asset using Guid(c41005c129ba4d66911b75229fd70b45) Importer(815301076,1909f56bfc062723c751e8b465ee728b)  -> (artifact id: '3950451084668360d05945240589cf11') in 0.011340 seconds 
========================================================================
Received Import Request.
  Time since last request: 0.000039 seconds.
  path: Assets/MPLUS_FONTS-master/fonts/otf/MplusCodeLatin60-SemiBold.otf
  artifactKey: Guid(43d95a586cee99547b3b6f61bea266d2) Importer(815301076,1909f56bfc062723c751e8b465ee728b)
Start importing Assets/MPLUS_FONTS-master/fonts/otf/MplusCodeLatin60-SemiBold.otf using Guid(43d95a586cee99547b3b6f61bea266d2) Importer(815301076,1909f56bfc062723c751e8b465ee728b)  -> (artifact id: '4ac06bca669aaebee280d915b1942d8c') in 0.027697 seconds 
========================================================================
Received Import Request.
  Time since last request: 691.430443 seconds.
  path: Assets/静止画修正版/ランキング画面
  artifactKey: Guid(eac31368e308c96428b48504026f0a6d) Importer(815301076,1909f56bfc062723c751e8b465ee728b)
Start importing Assets/静止画修正版/ランキング画面 using Guid(eac31368e308c96428b48504026f0a6d) Importer(815301076,1909f56bfc062723c751e8b465ee728b)  -> (artifact id: '119376429d71e5a8a6ce3707063fb627') in 0.010780 seconds 
========================================================================
Received Import Request.
  Time since last request: 0.475891 seconds.
  path: Assets/静止画修正版/ランキング画面/ランキング画面.jpeg
  artifactKey: Guid(ce3d25dd9809bef4c8d0ce211afc700a) Importer(815301076,1909f56bfc062723c751e8b465ee728b)
Start importing Assets/静止画修正版/ランキング画面/ランキング画面.jpeg using Guid(ce3d25dd9809bef4c8d0ce211afc700a) Importer(815301076,1909f56bfc062723c751e8b465ee728b)  -> (artifact id: '8d96e0a6dfae88da1dbc3c2890ef0925') in 0.035867 seconds 
========================================================================
Received Import Request.
  Time since last request: 11.150980 seconds.
  path: Assets/静止画修正版(1920×1080)/ライフ
  artifactKey: Guid(4e4cfaa33ca4c81419203b430c6d19db) Importer(815301076,1909f56bfc062723c751e8b465ee728b)
Start importing Assets/静止画修正版(1920×1080)/ライフ using Guid(4e4cfaa33ca4c81419203b430c6d19db) Importer(815301076,1909f56bfc062723c751e8b465ee728b)  -> (artifact id: '3ab15f1ea6c818d5a1253e1ee076b40f') in 0.005876 seconds 
========================================================================
Received Import Request.
  Time since last request: 0.453105 seconds.
  path: Assets/静止画修正版(1920×1080)/ランキング画面
  artifactKey: Guid(fd72b16cee1ce6f4d8d1f9368f464aed) Importer(815301076,1909f56bfc062723c751e8b465ee728b)
Start importing Assets/静止画修正版(1920×1080)/ランキング画面 using Guid(fd72b16cee1ce6f4d8d1f9368f464aed) Importer(815301076,1909f56bfc062723c751e8b465ee728b)  -> (artifact id: '1dcc7b1cf75fb35531df9849762581e5') in 0.011992 seconds 
========================================================================
Received Import Request.
  Time since last request: 0.565092 seconds.
  path: Assets/静止画修正版(1920×1080)/ランキング画面/ランキング（タイトルに戻るボタン）.jpeg
  artifactKey: Guid(9b6b4de52096ea74885ff720efaf6cd0) Importer(815301076,1909f56bfc062723c751e8b465ee728b)
Start importing Assets/静止画修正版(1920×1080)/ランキング画面/ランキング（タイトルに戻るボタン）.jpeg using Guid(9b6b4de52096ea74885ff720efaf6cd0) Importer(815301076,1909f56bfc062723c751e8b465ee728b)  -> (artifact id: '52d0d037d45505ca66d3ba9aa30e8f4f') in 0.025156 seconds 
========================================================================
Received Import Request.
  Time since last request: 12.269167 seconds.
  path: Assets/静止画修正版/時計
  artifactKey: Guid(907bd8dcacec49242822c50ac9fe8d8d) Importer(815301076,1909f56bfc062723c751e8b465ee728b)
Start importing Assets/静止画修正版/時計 using Guid(907bd8dcacec49242822c50ac9fe8d8d) Importer(815301076,1909f56bfc062723c751e8b465ee728b)  -> (artifact id: 'b5c8eb511da1b9f496ad093a4142cd49') in 0.010937 seconds 
========================================================================
Received Import Request.
  Time since last request: 14.110872 seconds.
  path: Assets/静止画修正版/ランキング画面/ランキング画面.jpeg
  artifactKey: Guid(ce3d25dd9809bef4c8d0ce211afc700a) Importer(815301076,1909f56bfc062723c751e8b465ee728b)
Start importing Assets/静止画修正版/ランキング画面/ランキング画面.jpeg using Guid(ce3d25dd9809bef4c8d0ce211afc700a) Importer(815301076,1909f56bfc062723c751e8b465ee728b)  -> (artifact id: 'ea7c07b280fc58299be533b482646285') in 0.278738 seconds 
========================================================================
Received Import Request.
  Time since last request: 99.608107 seconds.
  path: Assets/Scenes/Title.unity
  artifactKey: Guid(8f0c0fa92d6993c4899d3cebf6e8c165) Importer(815301076,1909f56bfc062723c751e8b465ee728b)
Start importing Assets/Scenes/Title.unity using Guid(8f0c0fa92d6993c4899d3cebf6e8c165) Importer(815301076,1909f56bfc062723c751e8b465ee728b)  -> (artifact id: 'b2d866d7dff9197078956e321600bbfc') in 0.005441 seconds 
